<?xml version="1.0" encoding="UTF-8"?>
<!-- Generated by org.testng.reporters.JUnitReportReporter -->
<testsuite hostname="LAP-ZIGZAG-258" failures="0" tests="1" name="tests.LoginAndLogout" time="6.598" errors="0" timestamp="2023-04-20T19:16:02 EEST" skipped="0">
  <testcase classname="tests.LoginAndLogout" name="loginLogout" time="6.598"/>
  <system-out/>
</testsuite> <!-- tests.LoginAndLogout -->
