<?xml version="1.0" encoding="UTF-8"?>
<!-- Generated by org.testng.reporters.JUnitReportReporter -->
<testsuite hostname="LAP-ZIGZAG-258" failures="0" tests="1" name="tests.InvalidUserLogin" time="6.877" errors="0" timestamp="2023-04-20T19:16:02 EEST" skipped="0">
  <testcase classname="tests.InvalidUserLogin" name="invalidUserLogin" time="6.877"/>
  <system-out/>
</testsuite> <!-- tests.InvalidUserLogin -->
