<?xml version="1.0" encoding="UTF-8"?>
<!-- Generated by org.testng.reporters.JUnitReportReporter -->
<testsuite hostname="LAP-ZIGZAG-258" failures="0" tests="1" name="tests.PostsTest" time="7.595" errors="0" timestamp="2023-04-20T19:16:02 EEST" skipped="0">
  <testcase classname="tests.PostsTest" name="testCreatePost" time="7.595"/>
  <system-out/>
</testsuite> <!-- tests.PostsTest -->
