<?xml version="1.0" encoding="UTF-8"?>
<!-- Generated by org.testng.reporters.JUnitReportReporter -->
<testsuite hostname="LAP-ZIGZAG-258" failures="0" tests="1" name="tests.RegisterTest" time="6.555" errors="0" timestamp="2023-04-20T19:16:02 EEST" skipped="0">
  <testcase classname="tests.RegisterTest" name="registerTest" time="6.555"/>
  <system-out/>
</testsuite> <!-- tests.RegisterTest -->
